[2025-10-03 12:08:14] Deleted: J:\duplicados\_quarantine_from_I\migrated\FAMILIA\FOTOS\NAVIDAD 2010 (fotos originale)\ISABEL FEBRERO 2013\Thumbs.db (Hash=D72A935D8F4929C3FCBAD1C1D2E23C07F9BDBD06CA2138A0913386F42B8E18EA, SizeBytes=26624)
[2025-10-03 12:08:14] Deleted: J:\duplicados\_quarantine_from_I\migrated\VARIOS\JARDIN\ZbThumbnail.info (Hash=51E8727CFAEEB98311E1CD73FAC70E54609199838BFA07331D096D15F44DBBF4, SizeBytes=7756)
[2025-10-03 12:08:14] Deleted: J:\duplicados\_quarantine_from_I\migrated\VARIOS\FOTOS\CARTA AJUSTE\ZbThumbnail.info (Hash=9AEF16AE1CED1DEF4E93ADBD56974D81A30F5B7F0F031F4665C5DD0FEBD67F37, SizeBytes=4656)
[2025-10-03 12:08:14] Deleted: J:\duplicados\_quarantine_from_I\migrated\FAMILIA\FOTOS\ATALAYA 2\fotos vero\CHINA\ZbThumbnail.info (Hash=FE6AA8B1F964981501F915B19B5603F022101B349304FCABA6583E3FA8903028, SizeBytes=265216)
[2025-10-03 12:08:14] Deleted: J:\duplicados\_quarantine_from_I\migrated\VARIOS\JARDIN\Thumbs.db (Hash=7C9CAAF79AE47289A3E803998BEA8264813B25C9A1439755DDA42EC494556946, SizeBytes=182784)
[2025-10-03 12:08:14] Deleted: J:\duplicados\_quarantine_from_I\migrated\VARIOS\VIDEOS\LUXE\Thumbs.db (Hash=330EA6A6F9D3910CB3DD981F36E8F94280E9C1A4BB511CBDCD3EBD98D90CEC46, SizeBytes=122880)
[2025-10-03 12:08:14] Deleted: J:\duplicados\Music\.thumbnails\.database_uuid (Hash=3C61788E08D3C7B7F987AE0086C1765A26E4F2018EB52F0B6CAF65D5F00B68F0, SizeBytes=36)
[2025-10-03 12:08:14] Deleted: J:\duplicados\Pictures\.thumbnails\.database_uuid (Hash=3C61788E08D3C7B7F987AE0086C1765A26E4F2018EB52F0B6CAF65D5F00B68F0, SizeBytes=36)
[2025-10-03 12:08:14] Deleted: J:\duplicados\_quarantine_from_I\migrated\MUSICA\NAVIDAD\AlbumArt_{B6629345-46D7-451C-B474-FC0CE475BBDB}_Small.jpg (Hash=7A1D0099ADF8C78C7C7BB1142BECFB586C5DD8423CF8A0ECB6AE5BD10866335E, SizeBytes=2603)
[2025-10-03 12:08:14] Deleted: J:\duplicados\_quarantine_from_I\migrated\MUSICA\MARIA CAREY\Folder.jpg (Hash=CCA8A204ABA7917272822638C5A3161889CCDBF925197F7AD8C2C368050A5A85, SizeBytes=6207)
[2025-10-03 12:08:14] Deleted: J:\duplicados\_quarantine_from_I\migrated\VARIOS\phantom_pruebas\Thumbs.db (Hash=37FB28502775440E3D8191EFB815E23A88A00AFFAAC1958B17614EACA383BCE1, SizeBytes=56832)
[2025-10-03 12:08:14] Deleted: J:\duplicados\_quarantine_from_I\migrated\VARIOS\VIDEOS\phantom_pruebas\Thumbs.db (Hash=37FB28502775440E3D8191EFB815E23A88A00AFFAAC1958B17614EACA383BCE1, SizeBytes=56832)
[2025-10-03 12:08:14] Deleted: J:\duplicados\_quarantine_from_I\migrated\VARIOS\FOTOS\CARTA AJUSTE\Thumbs.db (Hash=E654F3F5A083F8C1CF4830A520C72B95FAA8C6EFBC00E91F67EE493B9512C214, SizeBytes=89088)
[2025-10-03 12:08:14] Deleted: J:\duplicados\_quarantine_from_I\migrated\VARIOS\FOTOS\carta ajuste b y n\Thumbs.db (Hash=46C3940DD5379DACA2514D97DAE772B6889253220268E3B6F6EFAB2CF4F8F332, SizeBytes=128000)
[2025-10-03 12:08:14] Deleted: J:\duplicados\_quarantine_from_I\migrated\MUSICA\ITALIA\Folder.jpg (Hash=B434E07764FCDAFC958ECFEEC6B93F885AB4E7B2127A63C276117D7A2CE9BA38, SizeBytes=9525)
[2025-10-03 12:08:14] Deleted: J:\duplicados\_quarantine_from_I\migrated\FAMILIA\FOTOS\CASA 2009\ANTO ENERO 2009\Thumbs.db (Hash=F71A923B416E150F9882BDC5D4F317687A007D1C6B99E1DAC7E4C8B0862925DA, SizeBytes=8192)
[2025-10-03 12:08:14] Deleted: J:\duplicados\_quarantine_from_I\migrated\MUSICA\NAVIDAD\Folder.jpg (Hash=72ECC355563EBF4C5524D5B5DA6D9DC5835125447BE62740152869D1D0D86D1A, SizeBytes=14129)
[2025-10-03 12:08:14] Deleted: J:\duplicados\_quarantine_from_I\migrated\MUSICA\CD VERO\Folder.jpg (Hash=0385BD01142207AE7CF432FAE146D5096AAF685B06BB8B742024B45CB3D5FA01, SizeBytes=35425)
[2025-10-03 12:08:14] Deleted: J:\duplicados\_quarantine_from_I\migrated\MUSICA\SEDAKA\Folder.jpg (Hash=C0937999482645E6C7BA6F989D0D552A6EADF2EF8B7D3B6315D37458AAEC0637, SizeBytes=6486)
[2025-10-03 12:08:14] Deleted: J:\duplicados\_quarantine_from_I\migrated\MUSICA\CELINE DION\Folder.jpg (Hash=444038C1DEB8272869858B7201B31D88F5CA7B17144B3734DC099363B19D48B5, SizeBytes=9477)
[2025-10-03 12:08:14] Deleted: J:\duplicados\_quarantine_from_I\migrated\MUSICA\NAVIDAD\AlbumArt_{B6629345-46D7-451C-B474-FC0CE475BBDB}_Large.jpg (Hash=444038C1DEB8272869858B7201B31D88F5CA7B17144B3734DC099363B19D48B5, SizeBytes=9477)
[2025-10-03 12:08:14] Deleted: J:\duplicados\_quarantine_from_I\migrated\MUSICA\SEVILLANAS\Folder.jpg (Hash=C7BBDD45692CE82DFF3F67664144852B8823A02555D013E5664774992D0F3515, SizeBytes=10173)
[2025-10-03 12:08:14] Deleted: J:\duplicados\_quarantine_from_I\migrated\MUSICA\SINATRA\Folder.jpg (Hash=4395A3E1F8319C12CCCFA3BB12B4E5E06F575260E81646B13C617C40659BB7BD, SizeBytes=8552)
[2025-10-03 12:08:14] Deleted: J:\duplicados\_quarantine_from_I\migrated\MUSICA\SEVILLANAS\AlbumArtSmall.jpg (Hash=8F94C98AD54ECAD231A3D35E58E1ACA8DD2344D8F219373FCCD515034666A1E0, SizeBytes=2378)
[2025-10-03 12:08:14] Deleted: J:\duplicados\_quarantine_from_I\migrated\FAMILIA\FOTOS\Nietos\19-3-04\Thumbs.db (Hash=AF8958D1ED029FBD6D7B4DDD2990FC3FEDF744259A67C205199D7C2345BEDA70, SizeBytes=27648)
[2025-10-03 12:08:14] Deleted: J:\duplicados\_quarantine_from_I\migrated\FAMILIA\FOTOS\Nietos\CUMPLEAÑOS 2012\Thumbs.db (Hash=68C7BB41EF9E52B3CED1FC0A8505CB6A5200AF4DEAF727F7EBA2E5FC9E40970F, SizeBytes=101376)




