Duplicates to move: 26
[1/26] Moving 'J:\_quarantine_from_I\migrated\FAMILIA\FOTOS\NAVIDAD 2010 (fotos originale)\ISABEL FEBRERO 2013\Thumbs.db' -> 'J:\duplicados\_quarantine_from_I\migrated\FAMILIA\FOTOS\NAVIDAD 2010 (fotos originale)\ISABEL FEBRERO 2013\Thumbs.db'
[2/26] Moving 'J:\_quarantine_from_I\migrated\VARIOS\JARDIN\ZbThumbnail.info' -> 'J:\duplicados\_quarantine_from_I\migrated\VARIOS\JARDIN\ZbThumbnail.info'
[3/26] Moving 'J:\_quarantine_from_I\migrated\VARIOS\FOTOS\CARTA AJUSTE\ZbThumbnail.info' -> 'J:\duplicados\_quarantine_from_I\migrated\VARIOS\FOTOS\CARTA AJUSTE\ZbThumbnail.info'
[4/26] Moving 'J:\_quarantine_from_I\migrated\FAMILIA\FOTOS\ATALAYA 2\fotos vero\CHINA\ZbThumbnail.info' -> 'J:\duplicados\_quarantine_from_I\migrated\FAMILIA\FOTOS\ATALAYA 2\fotos vero\CHINA\ZbThumbnail.info'
[5/26] Moving 'J:\_quarantine_from_I\migrated\VARIOS\JARDIN\Thumbs.db' -> 'J:\duplicados\_quarantine_from_I\migrated\VARIOS\JARDIN\Thumbs.db'
[6/26] Moving 'J:\_quarantine_from_I\migrated\VARIOS\VIDEOS\LUXE\Thumbs.db' -> 'J:\duplicados\_quarantine_from_I\migrated\VARIOS\VIDEOS\LUXE\Thumbs.db'
[7/26] Moving 'J:\Music\.thumbnails\.database_uuid' -> 'J:\duplicados\Music\.thumbnails\.database_uuid'
[8/26] Moving 'J:\Pictures\.thumbnails\.database_uuid' -> 'J:\duplicados\Pictures\.thumbnails\.database_uuid'
[9/26] Moving 'J:\_quarantine_from_I\migrated\MUSICA\NAVIDAD\AlbumArt_{B6629345-46D7-451C-B474-FC0CE475BBDB}_Small.jpg' -> 'J:\duplicados\_quarantine_from_I\migrated\MUSICA\NAVIDAD\AlbumArt_{B6629345-46D7-451C-B474-FC0CE475BBDB}_Small.jpg'
[10/26] Moving 'J:\_quarantine_from_I\migrated\MUSICA\MARIA CAREY\Folder.jpg' -> 'J:\duplicados\_quarantine_from_I\migrated\MUSICA\MARIA CAREY\Folder.jpg'
[11/26] Moving 'J:\_quarantine_from_I\migrated\VARIOS\phantom_pruebas\Thumbs.db' -> 'J:\duplicados\_quarantine_from_I\migrated\VARIOS\phantom_pruebas\Thumbs.db'
[12/26] Moving 'J:\_quarantine_from_I\migrated\VARIOS\VIDEOS\phantom_pruebas\Thumbs.db' -> 'J:\duplicados\_quarantine_from_I\migrated\VARIOS\VIDEOS\phantom_pruebas\Thumbs.db'
[13/26] Moving 'J:\_quarantine_from_I\migrated\VARIOS\FOTOS\CARTA AJUSTE\Thumbs.db' -> 'J:\duplicados\_quarantine_from_I\migrated\VARIOS\FOTOS\CARTA AJUSTE\Thumbs.db'
[14/26] Moving 'J:\_quarantine_from_I\migrated\VARIOS\FOTOS\carta ajuste b y n\Thumbs.db' -> 'J:\duplicados\_quarantine_from_I\migrated\VARIOS\FOTOS\carta ajuste b y n\Thumbs.db'
[15/26] Moving 'J:\_quarantine_from_I\migrated\MUSICA\ITALIA\Folder.jpg' -> 'J:\duplicados\_quarantine_from_I\migrated\MUSICA\ITALIA\Folder.jpg'
[16/26] Moving 'J:\_quarantine_from_I\migrated\FAMILIA\FOTOS\CASA 2009\ANTO ENERO 2009\Thumbs.db' -> 'J:\duplicados\_quarantine_from_I\migrated\FAMILIA\FOTOS\CASA 2009\ANTO ENERO 2009\Thumbs.db'
[17/26] Moving 'J:\_quarantine_from_I\migrated\MUSICA\NAVIDAD\Folder.jpg' -> 'J:\duplicados\_quarantine_from_I\migrated\MUSICA\NAVIDAD\Folder.jpg'
[18/26] Moving 'J:\_quarantine_from_I\migrated\MUSICA\CD VERO\Folder.jpg' -> 'J:\duplicados\_quarantine_from_I\migrated\MUSICA\CD VERO\Folder.jpg'
[20/26] Moving 'J:\_quarantine_from_I\migrated\MUSICA\SEDAKA\Folder.jpg' -> 'J:\duplicados\_quarantine_from_I\migrated\MUSICA\SEDAKA\Folder.jpg'
[21/26] Moving 'J:\_quarantine_from_I\migrated\MUSICA\CELINE DION\Folder.jpg' -> 'J:\duplicados\_quarantine_from_I\migrated\MUSICA\CELINE DION\Folder.jpg'
[22/26] Moving 'J:\_quarantine_from_I\migrated\MUSICA\NAVIDAD\AlbumArt_{B6629345-46D7-451C-B474-FC0CE475BBDB}_Large.jpg' -> 'J:\duplicados\_quarantine_from_I\migrated\MUSICA\NAVIDAD\AlbumArt_{B6629345-46D7-451C-B474-FC0CE475BBDB}_Large.jpg'
[23/26] Moving 'J:\_quarantine_from_I\migrated\MUSICA\SEVILLANAS\Folder.jpg' -> 'J:\duplicados\_quarantine_from_I\migrated\MUSICA\SEVILLANAS\Folder.jpg'
[24/26] Moving 'J:\_quarantine_from_I\migrated\MUSICA\SINATRA\Folder.jpg' -> 'J:\duplicados\_quarantine_from_I\migrated\MUSICA\SINATRA\Folder.jpg'
[25/26] Moving 'J:\_quarantine_from_I\migrated\MUSICA\SEVILLANAS\AlbumArtSmall.jpg' -> 'J:\duplicados\_quarantine_from_I\migrated\MUSICA\SEVILLANAS\AlbumArtSmall.jpg'
[26/26] Moving 'J:\_quarantine_from_I\migrated\FAMILIA\FOTOS\Nietos\19-3-04\Thumbs.db' -> 'J:\duplicados\_quarantine_from_I\migrated\FAMILIA\FOTOS\Nietos\19-3-04\Thumbs.db'
Moved files logged to J:\duplicados\duplicados_movidos.csv
[2025-10-03 12:04:50] Manual move J:\_quarantine_from_I\migrated\FAMILIA\FOTOS\Nietos\CUMPLEAÑOS 2012\Thumbs.db -> J:\duplicados\_quarantine_from_I\migrated\FAMILIA\FOTOS\Nietos\CUMPLEAÑOS 2012\Thumbs.db
