[2025-10-03 12:13:23] Deleted original: J:\_quarantine_from_I\migrated\FAMILIA\FOTOS\19-3-04\Thumbs.db
[2025-10-03 12:13:23] Deleted original: J:\_quarantine_from_I\migrated\FAMILIA\FOTOS\ANTO ENERO 2009\Thumbs.db
[2025-10-03 12:13:23] Deleted original: J:\_quarantine_from_I\migrated\FAMILIA\FOTOS\ATALAYA 2\CHINA\ZbThumbnail.info
[2025-10-03 12:13:23] Deleted original: J:\_quarantine_from_I\migrated\FAMILIA\FOTOS\CUMPLEAÑOS 2012\Thumbs.db
[2025-10-03 12:13:23] Deleted original: J:\_quarantine_from_I\migrated\FAMILIA\FOTOS\ISABEL FEBRERO 2013\Thumbs.db
[2025-10-03 12:13:23] Skipped (kept): J:\_quarantine_from_I\migrated\MUSICA\CD VERO\AlbumArt_{B403347B-7EAA-4054-BCC5-77AF4BA1926F}_Large.jpg
[2025-10-03 12:13:23] Skipped (kept): J:\_quarantine_from_I\migrated\MUSICA\CELINE DION\AlbumArt_{B6629345-46D7-451C-B474-FC0CE475BBDB}_Large.jpg
[2025-10-03 12:13:23] Skipped (kept): J:\_quarantine_from_I\migrated\MUSICA\CELINE DION\AlbumArt_{B6629345-46D7-451C-B474-FC0CE475BBDB}_Small.jpg
[2025-10-03 12:13:23] Skipped (kept): J:\_quarantine_from_I\migrated\MUSICA\ITALIA\AlbumArt_{AC069199-53B7-462A-95C8-3872474EA7C2}_Large.jpg
[2025-10-03 12:13:23] Skipped (kept): J:\_quarantine_from_I\migrated\MUSICA\MARIA CAREY\AlbumArt_{C62FECF3-1133-4CAF-A5F8-996565314DEB}_Large.jpg
[2025-10-03 12:13:23] Skipped (kept): J:\_quarantine_from_I\migrated\MUSICA\NAVIDAD\AlbumArt_{71C3D198-2974-4D9B-BEFD-36077AB92536}_Large.jpg
[2025-10-03 12:13:23] Skipped (kept): J:\_quarantine_from_I\migrated\MUSICA\SEDAKA\AlbumArt_{9E65CFF5-EDB1-47F5-B221-D606B1698BF4}_Large.jpg
[2025-10-03 12:13:23] Skipped (kept): J:\_quarantine_from_I\migrated\MUSICA\SEVILLANAS\AlbumArt_{7E8F90BB-ACBE-4EE8-A68A-D3D12F8D9BE1}_Large.jpg
[2025-10-03 12:13:23] Skipped (kept): J:\_quarantine_from_I\migrated\MUSICA\SEVILLANAS\AlbumArt_{7E8F90BB-ACBE-4EE8-A68A-D3D12F8D9BE1}_Small.jpg
[2025-10-03 12:13:23] Skipped (kept): J:\_quarantine_from_I\migrated\MUSICA\SINATRA\AlbumArt_{F9F3A18A-F787-4391-8764-2F8CC6DD1426}_Large.jpg
[2025-10-03 12:13:23] Deleted original: J:\_quarantine_from_I\migrated\VARIOS\carta ajuste b y n\Thumbs.db
[2025-10-03 12:13:23] Deleted original: J:\_quarantine_from_I\migrated\VARIOS\CARTA AJUSTE\Thumbs.db
[2025-10-03 12:13:23] Deleted original: J:\_quarantine_from_I\migrated\VARIOS\CARTA AJUSTE\ZbThumbnail.info
[2025-10-03 12:13:23] Deleted original: J:\_quarantine_from_I\migrated\VARIOS\FOTOS\JARDIN TORREON\Thumbs.db
[2025-10-03 12:13:23] Deleted original: J:\_quarantine_from_I\migrated\VARIOS\FOTOS\JARDIN TORREON\ZbThumbnail.info
[2025-10-03 12:13:23] Deleted original: J:\_quarantine_from_I\migrated\VARIOS\FOTOS\phantom_pruebas\Thumbs.db
[2025-10-03 12:13:23] Deleted original: J:\_quarantine_from_I\migrated\VARIOS\LUXE\Thumbs.db
[2025-10-03 12:13:23] Skipped (kept): J:\Movies\.thumbnails\.database_uuid
[2025-10-03 12:13:46] Deleted original: J:\Movies\.thumbnails\.database_uuid
[2025-10-03 12:13:46] Missing original (already absent): J:\Music\.thumbnails\.database_uuid
[2025-10-03 12:13:46] Missing original (already absent): J:\Pictures\.thumbnails\.database_uuid
