Total files scanned: 25571
Files requiring hash: 5069
[1/5069] Hashing J:\Movies\.thumbnails\.database_uuid (36 bytes)
[2/5069] Hashing J:\Music\.thumbnails\.database_uuid (36 bytes)
[3/5069] Hashing J:\Pictures\.thumbnails\.database_uuid (36 bytes)
[4/5069] Hashing J:\_quarantine_from_I\migrated\FAMILIA\VIDEOS\SAN JOSE 2010.mpg (96144062 bytes)
[5/5069] Hashing J:\VIDEO\2010-04-07-002\SAN JOSE 2010.mpg (96144062 bytes)
[6/5069] Hashing J:\_quarantine_from_H\FOTOS FAMILIA\CASA 2 COPIADO\CRUCERO ECLIPSE\DSC00049.JPG (3377765 bytes)
[7/5069] Hashing J:\_quarantine_from_I\FAMILIA\FOTOS\CASA 2 COPIADO\OLITE MAYO 2.006\olite original\DSC00221.JPG (3377765 bytes)
[8/5069] Hashing J:\_quarantine_from_H\FOTOS FAMILIA\CASA 2 COPIADO\CRUCERO ECLIPSE\VUELO\IMG_0012.JPG (2129747 bytes)
[9/5069] Hashing J:\_quarantine_from_I\migrated\FAMILIA\FOTOS\CASA 3\CUMPLE ALE Y JAIME 2.006\DSC07945.JPG (2129747 bytes)
[10/5069] Hashing J:\_quarantine_from_H\from_C\H\FOTOS FAMILIA\ATALAYA 2\fotos vero\fotos salon\DIC 2008\retocadas\PC130050.jpg (2036214 bytes)
[100/5069] Hashing J:\_quarantine_from_I\ASTRONOMIA\SISTEMA SOLAR\LUNA\VIDEOS LUNA\apeninos tmb 230\Apeninos refractor 230 corto 79 frames.bmp (4665656 bytes)
[200/5069] Hashing J:\_quarantine_from_I\migrated\ASTRONOMIA\SISTEMA SOLAR\MARTE\VIDEOS MARTE\oposicion 2005\marte 25-10-05 refractor\marte 7 cerca maxi_0_0000.bmp (1007086 bytes)
[300/5069] Hashing J:\_quarantine_from_I\migrated\ASTRONOMIA\SISTEMA SOLAR\MARTE\VIDEOS MARTE\oposicion 2005\marte 25-10-05 refractor\marte 7 cerca maxi_0_0100.bmp (1007086 bytes)
[400/5069] Hashing J:\_quarantine_from_I\migrated\ASTRONOMIA\SISTEMA SOLAR\MARTE\VIDEOS MARTE\oposicion 2005\marte 25-10-05 refractor\marte 7 cerca maxi_0_0201.bmp (1007086 bytes)
[500/5069] Hashing J:\_quarantine_from_I\migrated\ASTRONOMIA\SISTEMA SOLAR\MARTE\VIDEOS MARTE\oposicion 2005\marte camaran ixon 1024 y casegrain\martecasegrainb_2_0059.bmp (1007086 bytes)
[600/5069] Hashing J:\_quarantine_from_I\migrated\ASTRONOMIA\SISTEMA SOLAR\MARTE\VIDEOS MARTE\oposicion 2005\marte camaran ixon 1024 y casegrain\martecasegrainb_2_0159.bmp (1007086 bytes)
[700/5069] Hashing J:\_quarantine_from_I\FAMILIA\FOTOS\crucero italia agosto 2005\CRUCERO 20-08-05\DSC02786.JPG (2146333 bytes)
[800/5069] Hashing J:\_quarantine_from_I\FAMILIA\FOTOS\MALAGA 1 COPIADO\COSTA RICA 1\DSC00339.JPG (322115 bytes)
[900/5069] Hashing J:\_quarantine_from_I\HORIZONTE\FOTOS\SALMON\tmb\TMB SONY 1\472.bmp (1769526 bytes)
[1000/5069] Hashing J:\_quarantine_from_I\HORIZONTE\FOTOS\SALMON\tmb\TMB SONY 1\72.bmp (1769526 bytes)
[1100/5069] Hashing J:\_quarantine_from_I\migrated\ASTRONOMIA\CIELO PROFUNDO\VIDEOS CIELO PROFUNDO\cielo profundo\antares\151.bmp (1769526 bytes)
[1200/5069] Hashing J:\_quarantine_from_I\migrated\ASTRONOMIA\CIELO PROFUNDO\VIDEOS CIELO PROFUNDO\cielo profundo\antares\241.bmp (1769526 bytes)
[1300/5069] Hashing J:\_quarantine_from_I\migrated\ASTRONOMIA\CIELO PROFUNDO\VIDEOS CIELO PROFUNDO\cielo profundo\antares\331.bmp (1769526 bytes)
[1400/5069] Hashing J:\_quarantine_from_I\migrated\ASTRONOMIA\CIELO PROFUNDO\VIDEOS CIELO PROFUNDO\cielo profundo\antares\421.bmp (1769526 bytes)
[1500/5069] Hashing J:\_quarantine_from_I\migrated\ASTRONOMIA\CIELO PROFUNDO\VIDEOS CIELO PROFUNDO\cielo profundo\antares\511.bmp (1769526 bytes)
[1600/5069] Hashing J:\_quarantine_from_I\migrated\ASTRONOMIA\CIELO PROFUNDO\VIDEOS CIELO PROFUNDO\cielo profundo\antares\601.bmp (1769526 bytes)
[1700/5069] Hashing J:\_quarantine_from_I\migrated\ASTRONOMIA\CIELO PROFUNDO\VIDEOS CIELO PROFUNDO\cielo profundo\antares\692.bmp (1769526 bytes)
[1800/5069] Hashing J:\_quarantine_from_I\migrated\ASTRONOMIA\CIELO PROFUNDO\VIDEOS CIELO PROFUNDO\cielo profundo\antares\782.bmp (1769526 bytes)
[1900/5069] Hashing J:\_quarantine_from_I\migrated\ASTRONOMIA\SISTEMA SOLAR\LUNA\FOTOS LUNA\tele 75 sony 9100 199\152.bmp (1769526 bytes)
[2000/5069] Hashing J:\_quarantine_from_I\migrated\ASTRONOMIA\SISTEMA SOLAR\LUNA\FOTOS LUNA\tele 75 sony 9100 199\63.bmp (1769526 bytes)
[2100/5069] Hashing J:\_quarantine_from_I\migrated\ASTRONOMIA\SISTEMA SOLAR\LUNA\FOTOS LUNA\tele 75 sony 9100 299\153.bmp (1769526 bytes)
[2200/5069] Hashing J:\_quarantine_from_I\migrated\ASTRONOMIA\SISTEMA SOLAR\LUNA\FOTOS LUNA\tele 75 sony 9100 299\243.bmp (1769526 bytes)
[2300/5069] Hashing J:\_quarantine_from_I\migrated\ASTRONOMIA\SISTEMA SOLAR\LUNA\FOTOS LUNA\tele 75 sony 9100 299\64.bmp (1769526 bytes)
[2400/5069] Hashing J:\_quarantine_from_I\migrated\ASTRONOMIA\SISTEMA SOLAR\VENUS\tmb 175 sony ocular 15mm\154.bmp (1769526 bytes)
[2500/5069] Hashing J:\_quarantine_from_I\migrated\ASTRONOMIA\SISTEMA SOLAR\VENUS\tmb 175 sony ocular 15mm\244.bmp (1769526 bytes)
[2600/5069] Hashing J:\_quarantine_from_I\migrated\ASTRONOMIA\SISTEMA SOLAR\VENUS\tmb 175 sony ocular 15mm\334.bmp (1769526 bytes)
[2700/5069] Hashing J:\_quarantine_from_I\migrated\ASTRONOMIA\SISTEMA SOLAR\VENUS\tmb 175 sony ocular 15mm\424.bmp (1769526 bytes)
[2800/5069] Hashing J:\_quarantine_from_I\migrated\ASTRONOMIA\SISTEMA SOLAR\VENUS\tmb 175 sony ocular 15mm\514.bmp (1769526 bytes)
[2900/5069] Hashing J:\_quarantine_from_I\migrated\ASTRONOMIA\SISTEMA SOLAR\VENUS\tmb 175 sony ocular 15mm\605.bmp (1769526 bytes)
[3000/5069] Hashing J:\_quarantine_from_I\migrated\ASTRONOMIA\SISTEMA SOLAR\VENUS\tmb 175 sony ocular 15mm\696.bmp (1769526 bytes)
[3100/5069] Hashing J:\_quarantine_from_I\migrated\HORIZONTE\FOTOS\SALMON\tmb\TMB SONY 2\213.bmp (1769526 bytes)
[3200/5069] Hashing J:\_quarantine_from_I\migrated\HORIZONTE\FOTOS\SALMON\tmb\TMB SONY 2\314.bmp (1769526 bytes)
[3300/5069] Hashing J:\_quarantine_from_I\migrated\HORIZONTE\FOTOS\SALMON\tmb\TMB SONY 2\44.bmp (1769526 bytes)
[3400/5069] Hashing J:\_quarantine_from_I\migrated\HORIZONTE\FOTOS\SALMON\tmb\TMB SONY 2\571.bmp (1769526 bytes)
[3500/5069] Hashing J:\_quarantine_from_I\migrated\HORIZONTE\FOTOS\SALMON\tmb\TMB SONY 2\719.bmp (1769526 bytes)
[3600/5069] Hashing J:\_quarantine_from_I\migrated\FAMILIA\FOTOS\TANZANIA\Thumbs.db (6144 bytes)
[3700/5069] Hashing J:\_quarantine_from_I\migrated\ASTRONOMIA\CIELO PROFUNDO\VIDEOS CIELO PROFUNDO\antares video\descomposicion\antaresa52.fit (619200 bytes)
[3800/5069] Hashing J:\_quarantine_from_I\migrated\ASTRONOMIA\SISTEMA SOLAR\LUNA\FOTOS LUNA\webcam infra copernico\copernico a&s pro 95.bmp (1244214 bytes)
[3900/5069] Hashing J:\_quarantine_from_I\migrated\ASTRONOMIA\SISTEMA SOLAR\JUPITER\FOTOS JUPITER\JUPITEER 30\ZbThumbnail.info (3168 bytes)
[4000/5069] Hashing J:\_quarantine_from_I\migrated\HORIZONTE\FOTOS\SALMON\tamaños tmb\Thumbs.db (86016 bytes)
[4100/5069] Hashing J:\_quarantine_from_I\migrated\FAMILIA\FOTOS\PABLO VIDAL 1\Thumbs.db (7680 bytes)
[4200/5069] Hashing J:\_quarantine_from_I\migrated\ASTRONOMIA\SISTEMA SOLAR\MARTE\FOTOS MARTE\marte\titan f 310803.bmp (2333100 bytes)
[4300/5069] Hashing J:\_quarantine_from_I\migrated\ASTRONOMIA\SISTEMA SOLAR\MARTE\FOTOS MARTE\marte ixon\martefit\mio161.fit (529920 bytes)
[4400/5069] Hashing J:\_quarantine_from_I\migrated\ASTRONOMIA\SISTEMA SOLAR\MARTE\FOTOS MARTE\marte ixon\martefit\mio251.fit (529920 bytes)
[4500/5069] Hashing J:\_quarantine_from_I\migrated\ASTRONOMIA\SISTEMA SOLAR\MARTE\FOTOS MARTE\marte ixon\martefit\mio341.fit (529920 bytes)
[4600/5069] Hashing J:\_quarantine_from_I\migrated\ASTRONOMIA\SISTEMA SOLAR\MARTE\FOTOS MARTE\marte ixon\martefit\mio71.fit (529920 bytes)
[4700/5069] Hashing J:\_quarantine_from_I\migrated\FAMILIA\FOTOS\REYES 2005\Thumbs.db (21504 bytes)
[4800/5069] Hashing J:\_quarantine_from_I\migrated\FAMILIA\FOTOS\CASA 1 COPIADO y play 3\sevilla\feria 2.tif (18016348 bytes)
[4900/5069] Hashing J:\_quarantine_from_I\migrated\FAMILIA\FOTOS\obra lunamar\2010-11-02\002.bmp (3975678 bytes)
[5000/5069] Hashing J:\_quarantine_from_I\migrated\HORIZONTE\FOTOS\OBSERVATORIO\cupula 3\80 agost0 2005 tif\D7651029.tif (18054080 bytes)
[5069/5069] Hashing J:\_quarantine_from_I\VARIOS\phantom_pruebas\22F_300fps dub.avi (1149147364 bytes)
Hashing complete in 138,31 seconds
Duplicate pairs: 26
